#
# A fatal error has been detected by the Java Runtime Environment:
#
#  EXCEPTION_ACCESS_VIOLATION (0xc0000005) at pc=0x000000006a838d85, pid=7672, tid=4344
#
# JRE version: Java(TM) SE Runtime Environment (8.0_77-b03) (build 1.8.0_77-b03)
# Java VM: Java HotSpot(TM) 64-Bit Server VM (25.77-b03 mixed mode windows-amd64 compressed oops)
# Problematic frame:
# V  [jvm.dll+0x128d85]
#
# Failed to write core dump. Minidumps are not enabled by default on client versions of Windows
#
# If you would like to submit a bug report, please visit:
#   http://bugreport.java.com/bugreport/crash.jsp
#

---------------  T H R E A D  ---------------

Current thread (0x000000001746a800):  JavaThread "JDWP Transport Listener: dt_socket" daemon [_thread_in_vm, id=4344, stack(0x0000000018ad0000,0x0000000018bd0000)]

siginfo: ExceptionCode=0xc0000005, reading address 0x0000000000000008

Registers:
RAX=0x0000000018bcf701, RBX=0x000000001746a800, RCX=0x0000000000000008, RDX=0x0000000000000000
RSP=0x0000000018bcf740, RBP=0x0000000000000008, RSI=0x0000000018bcf858, RDI=0x0000000002768a90
R8 =0x000000001746a800, R9 =0x0000000000000000, R10=0x0000000000000000, R11=0x0000000000000064
R12=0x0000000000000000, R13=0x0000000017473968, R14=0x0000000000000000, R15=0x0000000000000000
RIP=0x000000006a838d85, EFLAGS=0x0000000000010202

Top of Stack: (sp=0x0000000018bcf740)
0x0000000018bcf740:   000000001746a800 000000001746a800
0x0000000018bcf750:   0000000018bcf808 000000006aa3e33b
0x0000000018bcf760:   000000001746a800 000000006aa5ab9d
0x0000000018bcf770:   0000000000000000 000000006a639155
0x0000000018bcf780:   0000000018f19eb8 000000006a64291e
0x0000000018bcf790:   000000001746a800 0000000000000000
0x0000000018bcf7a0:   0000000000000000 0000000000000000
0x0000000018bcf7b0:   0000000000000008 000000006a641a15
0x0000000018bcf7c0:   0000000018bcf858 0000000018bcf830
0x0000000018bcf7d0:   0000000000000001 0000000018f19eb8
0x0000000018bcf7e0:   0000000000000008 000000006a6253b3
0x0000000018bcf7f0:   0000000018bcf920 0000000000000001
0x0000000018bcf800:   0000000000000001 0000000018f19eb8
0x0000000018bcf810:   0000000000000009 0000000000000000
0x0000000018bcf820:   0000000000000000 0000000000000000
0x0000000018bcf830:   0000000000000001 000000006a625571 

Instructions: (pc=0x000000006a838d85)
0x000000006a838d65:   cc cc cc cc cc cc cc cc cc cc cc 48 83 ec 28 48
0x000000006a838d75:   85 c9 75 07 33 c0 48 83 c4 28 c3 48 89 5c 24 20
0x000000006a838d85:   48 8b 19 48 85 db 74 20 48 83 fb 37 74 1a 48 8b
0x000000006a838d95:   13 48 8b cb ff 52 10 84 c0 74 0d 48 8b c3 48 8b 


Register to memory mapping:

RAX=0x0000000018bcf701 is pointing into the stack for thread: 0x000000001746a800
RBX=0x000000001746a800 is a thread
RCX=0x0000000000000008 is an unknown value
RDX=0x0000000000000000 is an unknown value
RSP=0x0000000018bcf740 is pointing into the stack for thread: 0x000000001746a800
RBP=0x0000000000000008 is an unknown value
RSI=0x0000000018bcf858 is pointing into the stack for thread: 0x000000001746a800
RDI=0x0000000002768a90 is an unknown value
R8 =0x000000001746a800 is a thread
R9 =0x0000000000000000 is an unknown value
R10=0x0000000000000000 is an unknown value
R11=0x0000000000000064 is an unknown value
R12=0x0000000000000000 is an unknown value
R13=0x0000000017473968 is an unknown value
R14=0x0000000000000000 is an unknown value
R15=0x0000000000000000 is an unknown value


Stack: [0x0000000018ad0000,0x0000000018bd0000],  sp=0x0000000018bcf740,  free space=1021k
Native frames: (J=compiled Java code, j=interpreted, Vv=VM code, C=native code)
V  [jvm.dll+0x128d85]
V  [jvm.dll+0x34ab9d]
C  [jdwp.dll+0x21a15]
C  [jdwp.dll+0x53b3]
C  [jdwp.dll+0x5571]
C  [jdwp.dll+0xf0a8]
C  [jdwp.dll+0x1f2d5]
C  [jdwp.dll+0x1f4aa]
V  [jvm.dll+0x1bba58]
V  [jvm.dll+0x243434]
V  [jvm.dll+0x29a27a]
C  [msvcr100.dll+0x21d9f]
C  [msvcr100.dll+0x21e3b]
C  [KERNEL32.DLL+0x8364]
C  [ntdll.dll+0x65e91]


---------------  P R O C E S S  ---------------

Java Threads: ( => current thread )
  0x0000000017490000 JavaThread "Service Thread" daemon [_thread_blocked, id=6980, stack(0x00000000194d0000,0x00000000195d0000)]
  0x000000001748f800 JavaThread "C1 CompilerThread2" daemon [_thread_blocked, id=11044, stack(0x00000000193d0000,0x00000000194d0000)]
  0x0000000017489000 JavaThread "C2 CompilerThread1" daemon [_thread_blocked, id=10680, stack(0x00000000192d0000,0x00000000193d0000)]
  0x0000000017496800 JavaThread "C2 CompilerThread0" daemon [_thread_blocked, id=4100, stack(0x0000000018dd0000,0x0000000018ed0000)]
  0x0000000017479000 JavaThread "JDWP Command Reader" daemon [_thread_in_native, id=7772, stack(0x0000000018cd0000,0x0000000018dd0000)]
  0x0000000017476000 JavaThread "JDWP Event Helper Thread" daemon [_thread_blocked, id=4508, stack(0x0000000018bd0000,0x0000000018cd0000)]
=>0x000000001746a800 JavaThread "JDWP Transport Listener: dt_socket" daemon [_thread_in_vm, id=4344, stack(0x0000000018ad0000,0x0000000018bd0000)]
  0x000000001745e800 JavaThread "Attach Listener" daemon [_thread_blocked, id=10300, stack(0x00000000189d0000,0x0000000018ad0000)]
  0x000000001745d000 JavaThread "Signal Dispatcher" daemon [_thread_blocked, id=8148, stack(0x00000000188d0000,0x00000000189d0000)]
  0x000000001744e800 JavaThread "Finalizer" daemon [_thread_blocked, id=8052, stack(0x00000000186e0000,0x00000000187e0000)]
  0x0000000002963000 JavaThread "Reference Handler" daemon [_thread_blocked, id=1948, stack(0x00000000185e0000,0x00000000186e0000)]
  0x0000000002872800 JavaThread "main" [_thread_blocked, id=10460, stack(0x0000000002770000,0x0000000002870000)]

Other Threads:
  0x0000000017428000 VMThread [stack: 0x00000000184e0000,0x00000000185e0000] [id=5264]
  0x0000000018f1c000 WatcherThread [stack: 0x00000000195d0000,0x00000000196d0000] [id=10568]

VM state:not at safepoint (normal execution)

VM Mutex/Monitor currently owned by a thread: None

Heap:
 PSYoungGen      total 37888K, used 24433K [0x00000000d6000000, 0x00000000d8a00000, 0x0000000100000000)
  eden space 32768K, 74% used [0x00000000d6000000,0x00000000d77dc488,0x00000000d8000000)
  from space 5120K, 0% used [0x00000000d8500000,0x00000000d8500000,0x00000000d8a00000)
  to   space 5120K, 0% used [0x00000000d8000000,0x00000000d8000000,0x00000000d8500000)
 ParOldGen       total 86016K, used 0K [0x0000000082000000, 0x0000000087400000, 0x00000000d6000000)
  object space 86016K, 0% used [0x0000000082000000,0x0000000082000000,0x0000000087400000)
 Metaspace       used 9475K, capacity 9710K, committed 9856K, reserved 1058816K
  class space    used 1031K, capacity 1097K, committed 1152K, reserved 1048576K

Card table byte_map: [0x0000000011d30000,0x0000000012130000] byte_map_base: 0x0000000011920000

Marking Bits: (ParMarkBitMap*) 0x000000006af20600
 Begin Bits: [0x00000000127d0000, 0x0000000014750000)
 End Bits:   [0x0000000014750000, 0x00000000166d0000)

Polling page: 0x0000000000e60000

CodeCache: size=245760Kb used=4213Kb max_used=4231Kb free=241546Kb
 bounds [0x0000000002970000, 0x0000000002da0000, 0x0000000011970000]
 total_blobs=1442 nmethods=1104 adapters=258
 compilation: enabled

Compilation events (10 events):
Event: 7.743 Thread 0x000000001748f800 1100       3       org.jsoup.nodes.TextNode::outerHtmlHead (128 bytes)
Event: 7.743 Thread 0x0000000017489000 1102       4       org.jsoup.nodes.Entities::escape (455 bytes)
Event: 7.744 Thread 0x000000001748f800 nmethod 1100 0x0000000002d88c90 code [0x0000000002d88f60, 0x0000000002d8a398]
Event: 7.744 Thread 0x000000001748f800 1101       3       org.jsoup.nodes.Element::preserveWhitespace (54 bytes)
Event: 7.745 Thread 0x000000001748f800 nmethod 1101 0x0000000002d8ab10 code [0x0000000002d8acc0, 0x0000000002d8b530]
Event: 7.745 Thread 0x0000000017496800 1103       4       org.jsoup.helper.StringUtil::isWhitespace (36 bytes)
Event: 7.747 Thread 0x0000000017496800 nmethod 1103 0x0000000002d16c90 code [0x0000000002d16dc0, 0x0000000002d16e58]
Event: 7.788 Thread 0x0000000017489000 nmethod 1102 0x0000000002d91fd0 code [0x0000000002d92260, 0x0000000002d946d8]
Event: 12.215 Thread 0x000000001748f800 1104       3       org.jsoup.helper.Validate::notEmpty (22 bytes)
Event: 12.215 Thread 0x000000001748f800 nmethod 1104 0x0000000002d91950 code [0x0000000002d91ae0, 0x0000000002d91e48]

GC Heap History (0 events):
No events

Deoptimization events (6 events):
Event: 0.910 Thread 0x0000000002872800 Uncommon trap: reason=unstable_if action=reinterpret pc=0x0000000002ac68ec method=java.lang.CharacterDataLatin1.digit(II)I @ 82
Event: 1.197 Thread 0x0000000002872800 Uncommon trap: reason=unstable_if action=reinterpret pc=0x0000000002b60540 method=java.io.ByteArrayInputStream.read()I @ 8
Event: 2.821 Thread 0x0000000002872800 Uncommon trap: reason=bimorphic action=maybe_recompile pc=0x0000000002c15f1c method=java.util.HashMap.putVal(ILjava/lang/Object;Ljava/lang/Object;ZZ)Ljava/lang/Object; @ 203
Event: 2.821 Thread 0x0000000002872800 Uncommon trap: reason=bimorphic action=maybe_recompile pc=0x0000000002c15f1c method=java.util.HashMap.putVal(ILjava/lang/Object;Ljava/lang/Object;ZZ)Ljava/lang/Object; @ 203
Event: 2.821 Thread 0x0000000002872800 Uncommon trap: reason=bimorphic action=maybe_recompile pc=0x0000000002c15f1c method=java.util.HashMap.putVal(ILjava/lang/Object;Ljava/lang/Object;ZZ)Ljava/lang/Object; @ 203
Event: 2.821 Thread 0x0000000002872800 Uncommon trap: reason=bimorphic action=maybe_recompile pc=0x0000000002c15f1c method=java.util.HashMap.putVal(ILjava/lang/Object;Ljava/lang/Object;ZZ)Ljava/lang/Object; @ 203

Internal exceptions (8 events):
Event: 0.036 Thread 0x0000000002872800 Exception <a 'java/lang/NoSuchMethodError': Method sun.misc.Unsafe.defineClass(Ljava/lang/String;[BII)Ljava/lang/Class; name or signature does not match> (0x00000000d6007cc0) thrown at [D:\re\workspace\8-2-build-windows-amd64-cygwin\jdk8u77\6540\hotspot\srÏ–ôx¢l¢?
Event: 0.036 Thread 0x0000000002872800 Exception <a 'java/lang/NoSuchMethodError': Method sun.misc.Unsafe.prefetchRead(Ljava/lang/Object;J)V name or signature does not match> (0x00000000d6007fa8) thrown at [D:\re\workspace\8-2-build-windows-amd64-cygwin\jdk8u77\6540\hotspot\src\share\vm\prims\jf­WGDçë?
Event: 0.872 Thread 0x0000000002872800 Exception <a 'java/lang/NoSuchFieldError': method resolution failed> (0x00000000d63ed400) thrown at [D:\re\workspace\8-2-build-windows-amd64-cygwin\jdk8u77\6540\hotspot\src\share\vm\prims\methodHandles.cpp, line 1146]
Event: 0.875 Thread 0x0000000002872800 Exception <a 'java/lang/NoSuchFieldError': method resolution failed> (0x00000000d63fab70) thrown at [D:\re\workspace\8-2-build-windows-amd64-cygwin\jdk8u77\6540\hotspot\src\share\vm\prims\methodHandles.cpp, line 1146]
Event: 1.191 Thread 0x0000000002872800 Exception <a 'java/security/PrivilegedActionException'> (0x00000000d6891520) thrown at [D:\re\workspace\8-2-build-windows-amd64-cygwin\jdk8u77\6540\hotspot\src\share\vm\prims\jvm.cpp, line 1386]
Event: 1.191 Thread 0x0000000002872800 Exception <a 'java/security/PrivilegedActionException'> (0x00000000d6891918) thrown at [D:\re\workspace\8-2-build-windows-amd64-cygwin\jdk8u77\6540\hotspot\src\share\vm\prims\jvm.cpp, line 1386]
Event: 2.814 Thread 0x0000000002872800 Exception <a 'java/security/PrivilegedActionException'> (0x00000000d736e8c8) thrown at [D:\re\workspace\8-2-build-windows-amd64-cygwin\jdk8u77\6540\hotspot\src\share\vm\prims\jvm.cpp, line 1386]
Event: 2.814 Thread 0x0000000002872800 Exception <a 'java/security/PrivilegedActionException'> (0x00000000d736ead8) thrown at [D:\re\workspace\8-2-build-windows-amd64-cygwin\jdk8u77\6540\hotspot\src\share\vm\prims\jvm.cpp, line 1386]

Events (10 events):
Event: 20.521 Executing VM operation: ForceSafepoint
Event: 20.521 Executing VM operation: ForceSafepoint done
Event: 20.522 Executing VM operation: ForceSafepoint
Event: 20.522 Executing VM operation: ForceSafepoint done
Event: 797.384 Executing VM operation: ChangeBreakpoints
Event: 797.384 Executing VM operation: ChangeBreakpoints done
Event: 1153.489 Executing VM operation: RedefineClasses
Event: 1153.498 Executing VM operation: RedefineClasses done
Event: 1200.487 Executing VM operation: RedefineClasses
Event: 1200.501 Executing VM operation: RedefineClasses done


Dynamic libraries:
0x00007ff7f7ac0000 - 0x00007ff7f7af7000 	C:\Program Files\Java\jdk1.8.0_77\bin\java.exe
0x00007fff781e0000 - 0x00007fff783b1000 	C:\WINDOWS\SYSTEM32\ntdll.dll
0x00007fff757b0000 - 0x00007fff7585b000 	C:\WINDOWS\System32\KERNEL32.DLL
0x00007fff748a0000 - 0x00007fff74abd000 	C:\WINDOWS\System32\KERNELBASE.dll
0x00007fff776c0000 - 0x00007fff77762000 	C:\WINDOWS\System32\ADVAPI32.dll
0x00007fff75880000 - 0x00007fff7591e000 	C:\WINDOWS\System32\msvcrt.dll
0x00007fff774e0000 - 0x00007fff77539000 	C:\WINDOWS\System32\sechost.dll
0x00007fff76ea0000 - 0x00007fff76fc1000 	C:\WINDOWS\System32\RPCRT4.dll
0x00007fff77040000 - 0x00007fff771a5000 	C:\WINDOWS\System32\USER32.dll
0x00007fff74880000 - 0x00007fff7489e000 	C:\WINDOWS\System32\win32u.dll
0x00007fff75770000 - 0x00007fff757a4000 	C:\WINDOWS\System32\GDI32.dll
0x00007fff755e0000 - 0x00007fff75762000 	C:\WINDOWS\System32\gdi32full.dll
0x00007fff6ac00000 - 0x00007fff6ae79000 	C:\WINDOWS\WinSxS\amd64_microsoft.windows.common-controls_6595b64144ccf1df_6.0.14393.0_none_2d0f50fcbdb171b8\COMCTL32.dll
0x00007fff771b0000 - 0x00007fff77477000 	C:\WINDOWS\System32\combase.dll
0x00007fff754e0000 - 0x00007fff755d5000 	C:\WINDOWS\System32\ucrtbase.dll
0x00007fff75420000 - 0x00007fff7548a000 	C:\WINDOWS\System32\bcryptPrimitives.dll
0x00007fff78140000 - 0x00007fff7816e000 	C:\WINDOWS\System32\IMM32.DLL
0x000000006afa0000 - 0x000000006b072000 	C:\Program Files\Java\jdk1.8.0_77\jre\bin\msvcr100.dll
0x000000006a710000 - 0x000000006afa0000 	C:\Program Files\Java\jdk1.8.0_77\jre\bin\server\jvm.dll
0x00007fff76e90000 - 0x00007fff76e98000 	C:\WINDOWS\System32\PSAPI.DLL
0x00007fff70e90000 - 0x00007fff70e99000 	C:\WINDOWS\SYSTEM32\WSOCK32.dll
0x00007fff72b40000 - 0x00007fff72b63000 	C:\WINDOWS\SYSTEM32\WINMM.dll
0x00007fff78170000 - 0x00007fff781da000 	C:\WINDOWS\System32\WS2_32.dll
0x00007fff6a040000 - 0x00007fff6a04a000 	C:\WINDOWS\SYSTEM32\VERSION.dll
0x00007fff72a30000 - 0x00007fff72a5b000 	C:\WINDOWS\SYSTEM32\WINMMBASE.dll
0x00007fff75490000 - 0x00007fff754d2000 	C:\WINDOWS\System32\cfgmgr32.dll
0x000000006a700000 - 0x000000006a70f000 	C:\Program Files\Java\jdk1.8.0_77\jre\bin\verify.dll
0x000000006a6d0000 - 0x000000006a6f9000 	C:\Program Files\Java\jdk1.8.0_77\jre\bin\java.dll
0x000000006a620000 - 0x000000006a655000 	C:\Program Files\Java\jdk1.8.0_77\jre\bin\jdwp.dll
0x000000006a610000 - 0x000000006a618000 	C:\Program Files\Java\jdk1.8.0_77\jre\bin\npt.dll
0x000000006a6b0000 - 0x000000006a6c6000 	C:\Program Files\Java\jdk1.8.0_77\jre\bin\zip.dll
0x00007fff75980000 - 0x00007fff76e88000 	C:\WINDOWS\System32\SHELL32.dll
0x00007fff74d40000 - 0x00007fff7541a000 	C:\WINDOWS\System32\windows.storage.dll
0x00007fff74710000 - 0x00007fff7475c000 	C:\WINDOWS\System32\powrprof.dll
0x00007fff77480000 - 0x00007fff774d2000 	C:\WINDOWS\System32\shlwapi.dll
0x00007fff74760000 - 0x00007fff7476f000 	C:\WINDOWS\System32\kernel.appcore.dll
0x00007fff74ac0000 - 0x00007fff74b69000 	C:\WINDOWS\System32\shcore.dll
0x00007fff746e0000 - 0x00007fff746f4000 	C:\WINDOWS\System32\profapi.dll
0x000000006a600000 - 0x000000006a609000 	C:\Program Files\Java\jdk1.8.0_77\jre\bin\dt_socket.dll
0x00007fff73fb0000 - 0x00007fff7400c000 	C:\WINDOWS\system32\mswsock.dll
0x000000006a680000 - 0x000000006a6a4000 	C:\Program Files\Java\jdk1.8.0_77\jre\bin\sunec.dll
0x00007fff74150000 - 0x00007fff74167000 	C:\WINDOWS\SYSTEM32\CRYPTSP.dll
0x00007fff73bc0000 - 0x00007fff73bf3000 	C:\WINDOWS\system32\rsaenh.dll
0x00007fff74620000 - 0x00007fff7464b000 	C:\WINDOWS\SYSTEM32\bcrypt.dll
0x00007fff73e30000 - 0x00007fff73e4f000 	C:\WINDOWS\SYSTEM32\USERENV.dll
0x00007fff74170000 - 0x00007fff7417b000 	C:\WINDOWS\SYSTEM32\CRYPTBASE.dll
0x000000006a660000 - 0x000000006a67a000 	C:\Program Files\Java\jdk1.8.0_77\jre\bin\net.dll
0x00007fff73d40000 - 0x00007fff73d78000 	C:\WINDOWS\SYSTEM32\IPHLPAPI.DLL
0x00007fff75860000 - 0x00007fff75868000 	C:\WINDOWS\System32\NSI.dll
0x00007fff6c5f0000 - 0x00007fff6c606000 	C:\WINDOWS\SYSTEM32\dhcpcsvc6.DLL
0x00007fff6c5d0000 - 0x00007fff6c5ea000 	C:\WINDOWS\SYSTEM32\dhcpcsvc.DLL
0x000000006a5e0000 - 0x000000006a5f1000 	C:\Program Files\Java\jdk1.8.0_77\jre\bin\nio.dll
0x00007fff5efd0000 - 0x00007fff5efe6000 	C:\WINDOWS\system32\napinsp.dll
0x00007fff5eff0000 - 0x00007fff5f00a000 	C:\WINDOWS\system32\pnrpnsp.dll
0x00007fff721e0000 - 0x00007fff721f8000 	C:\WINDOWS\system32\NLAapi.dll
0x00007fff73d80000 - 0x00007fff73e20000 	C:\WINDOWS\SYSTEM32\DNSAPI.dll
0x00007fff5f010000 - 0x00007fff5f01e000 	C:\WINDOWS\System32\winrnr.dll
0x00007fff636a0000 - 0x00007fff636aa000 	C:\Windows\System32\rasadhlp.dll
0x00007fff6c660000 - 0x00007fff6c6ca000 	C:\WINDOWS\System32\fwpuclnt.dll
0x00007fff705f0000 - 0x00007fff70782000 	C:\WINDOWS\SYSTEM32\dbghelp.dll

VM Arguments:
jvm_args: -agentlib:jdwp=transport=dt_socket,address=127.0.0.1:51609,suspend=y,server=n -Dfile.encoding=UTF-8 
java_command: com.company.Main
java_class_path (initial): C:\Program Files\Java\jdk1.8.0_77\jre\lib\charsets.jar;C:\Program Files\Java\jdk1.8.0_77\jre\lib\deploy.jar;C:\Program Files\Java\jdk1.8.0_77\jre\lib\ext\access-bridge-64.jar;C:\Program Files\Java\jdk1.8.0_77\jre\lib\ext\cldrdata.jar;C:\Program Files\Java\jdk1.8.0_77\jre\lib\ext\dnsns.jar;C:\Program Files\Java\jdk1.8.0_77\jre\lib\ext\jaccess.jar;C:\Program Files\Java\jdk1.8.0_77\jre\lib\ext\jfxrt.jar;C:\Program Files\Java\jdk1.8.0_77\jre\lib\ext\localedata.jar;C:\Program Files\Java\jdk1.8.0_77\jre\lib\ext\nashorn.jar;C:\Program Files\Java\jdk1.8.0_77\jre\lib\ext\sunec.jar;C:\Program Files\Java\jdk1.8.0_77\jre\lib\ext\sunjce_provider.jar;C:\Program Files\Java\jdk1.8.0_77\jre\lib\ext\sunmscapi.jar;C:\Program Files\Java\jdk1.8.0_77\jre\lib\ext\sunpkcs11.jar;C:\Program Files\Java\jdk1.8.0_77\jre\lib\ext\zipfs.jar;C:\Program Files\Java\jdk1.8.0_77\jre\lib\javaws.jar;C:\Program Files\Java\jdk1.8.0_77\jre\lib\jce.jar;C:\Program Files\Java\jdk1.8.0_77\jre\lib\jfr.jar;C:\Program Files\Java\jdk1.8.0_77\jre\lib\jfxswt.jar;C:\Program Files\Java\jdk1.8.0_77\jre\lib\jsse.jar;C:\Program Files\Java\jdk1.8.0_77\jre\lib\management-agent.jar;C:\Program Files\Java\jdk1.8.0_77\jre\lib\plugin.jar;C:\Program Files\Java\jdk1.8.0_77\jre\lib\resources.jar;C:\Program Files\Java\jdk1.8.0_77\jre\lib\rt.jar;C:\Users\muru\dev\MyParser\target\classes;C:\Users\muru\.m2\repository\commons-io\commons-io\2.4\commons-io-2.4.jar;C:\Users\muru\.m2\repository\org\jsoup\jsoup\1.8.3\jsoup-1.8.3.jar;C:\Program Files (x86)\JetBrains\IntelliJ IDEA 2016.1.1\lib\idea_rt.jar
Launcher Type: SUN_STANDARD

Environment Variables:
JAVA_HOME=C:\Program Files\Java\jdk1.8.0_77
PATH=C:\Python27\;C:\Python27\Scripts;C:\ProgramData\Oracle\Java\javapath;C:\Program Files\Dell\DW WLAN Card;C:\WINDOWS\system32;C:\WINDOWS;C:\WINDOWS\System32\Wbem;C:\WINDOWS\System32\WindowsPowerShell\v1.0\;c:\Program Files\WIDCOMM\Bluetooth Software\;c:\Program Files\WIDCOMM\Bluetooth Software\syswow64;C:\Program Files\nodejs\;C:\Program Files\Microsoft SQL Server\120\Tools\Binn\;C:\Program Files\Microsoft SQL Server\130\Tools\Binn\;C:\Program Files\Git\cmd;C:\Program Files (x86)\Skype\Phone\;C:\Program Files\Java\jdk1.8.0_77\bin;C:\Program Files (x86)\MySQL\MySQL Fabric 1.5 & MySQL Utilities 1.5\;C:\Program Files (x86)\MySQL\MySQL Fabric 1.5 & MySQL Utilities 1.5\Doctrine extensions for PHP\;C:\Program Files (x86)\Windows Kits\10\Windows Performance Toolkit\;C:\Program Files\TortoiseGit\bin;C:\Program Files (x86)\Heroku\bin;C:\Program Files (x86)\git\cmd;C:\tools\spring-boot-cli-1.3.5.RELEASE-bin\spring-1.3.5.RELEASE\bin;C:\Users\muru\AppData\Local\atom\bin;C:\Users\muru\AppData\Roaming\npm;C:\ProgramData\chocolatey\bin;C:\tools\apache-maven-3.3.3\bin;;C:\Program Files (x86)\Microsoft VS Code\bin;C:\Users\muru\AppData\Local\Microsoft\WindowsApps
USERNAME=muru
OS=Windows_NT
PROCESSOR_IDENTIFIER=Intel64 Family 6 Model 78 Stepping 3, GenuineIntel



---------------  S Y S T E M  ---------------

OS: Windows 10.0 , 64 bit Build 14393 (10.0.14393.0)

CPU:total 4 (2 cores per cpu, 2 threads per core) family 6 model 78 stepping 3, cmov, cx8, fxsr, mmx, sse, sse2, sse3, ssse3, sse4.1, sse4.2, popcnt, avx, avx2, aes, clmul, erms, 3dnowpref, lzcnt, ht, tsc, tscinvbit, bmi1, bmi2, adx

Memory: 4k page, physical 8257012k(3823780k free), swap 10223092k(4762800k free)

vm_info: Java HotSpot(TM) 64-Bit Server VM (25.77-b03) for windows-amd64 JRE (1.8.0_77-b03), built on Mar 20 2016 22:01:33 by "java_re" with MS VC++ 10.0 (VS2010)

time: Sat Aug 13 04:06:50 2016
elapsed time: 1200 seconds (0d 0h 20m 0s)

